Tue May 24 22:14:15 2022
Create Relation ADR_CONTROL
Create Relation ADR_INVALIDATION
Create Relation INC_METER_IMPT_DEF
Create Relation INC_METER_PK_IMPTS
Directory does not exist for read/write [D:\app\MohanGowda\product\11.2.0\dbhome_1\log] [D:\app\MohanGowda\product\11.2.0\dbhome_1\log\diag]
Tue May 24 22:50:14 2022
Directory does not exist for read/write [D:\app\MohanGowda\product\11.2.0\dbhome_1\log] [D:\app\MohanGowda\product\11.2.0\dbhome_1\log\diag\clients]
Mon May 30 17:11:48 2022
Directory does not exist for read/write [D:\app\MohanGowda\product\11.2.0\dbhome_1\log] [D:\app\MohanGowda\product\11.2.0\dbhome_1\log\diag\clients]
Mon May 30 18:09:14 2022
Directory does not exist for read/write [D:\app\MohanGowda\product\11.2.0\dbhome_1\log] [D:\app\MohanGowda\product\11.2.0\dbhome_1\log\diag\clients]
Tue Jul 26 13:48:04 2022
Directory does not exist for read/write [D:\app\MohanGowda\product\11.2.0\dbhome_1\log] [D:\app\MohanGowda\product\11.2.0\dbhome_1\log\diag\clients]
Mon Aug 01 19:53:14 2022
Directory does not exist for read/write [D:\app\MohanGowda\product\11.2.0\dbhome_1\log] [D:\app\MohanGowda\product\11.2.0\dbhome_1\log\diag\clients]
Mon Aug 01 20:06:13 2022


***********************************************************************

Fatal NI connect error 12560, connecting to:
 (DESCRIPTION=(ADDRESS=(PROTOCOL=BEQ)(PROGRAM=oracle)(ARGV0=oracleOracle)(ARGS='(DESCRIPTION=(LOCAL=YES)(ADDRESS=(PROTOCOL=beq)))'))(CONNECT_DATA=(SID=Oracle)(CID=(PROGRAM=D:\app\MohanGowda\product\11.2.0\dbhome_1\BIN\sqlplus.exe)(HOST=DESKTOP-FKOGIVT)(USER=Mohan?Gowda))))

  VERSION INFORMATION:
	TNS for 64-bit Windows: Version 11.2.0.1.0 - Production
	Oracle Bequeath NT Protocol Adapter for 64-bit Windows: Version 11.2.0.1.0 - Production
  Time: 01-AUG-2022 20:06:13
  Tracing not turned on.
  Tns error struct:
    ns main err code: 12560
    
TNS-12560: TNS:protocol adapter error
    ns secondary err code: 0
    nt main err code: 530
    
TNS-00530: Protocol adapter error
    nt secondary err code: 203
    nt OS err code: 0
Mon Aug 01 20:06:42 2022


***********************************************************************

Fatal NI connect error 12560, connecting to:
 (DESCRIPTION=(ADDRESS=(PROTOCOL=BEQ)(PROGRAM=oracle)(ARGV0=oracleOracle)(ARGS='(DESCRIPTION=(LOCAL=YES)(ADDRESS=(PROTOCOL=beq)))'))(CONNECT_DATA=(SID=Oracle)(CID=(PROGRAM=D:\app\MohanGowda\product\11.2.0\dbhome_1\BIN\sqlplus.exe)(HOST=DESKTOP-FKOGIVT)(USER=Mohan?Gowda))))

  VERSION INFORMATION:
	TNS for 64-bit Windows: Version 11.2.0.1.0 - Production
	Oracle Bequeath NT Protocol Adapter for 64-bit Windows: Version 11.2.0.1.0 - Production
  Time: 01-AUG-2022 20:06:42
  Tracing not turned on.
  Tns error struct:
    ns main err code: 12560
    
TNS-12560: TNS:protocol adapter error
    ns secondary err code: 0
    nt main err code: 530
    
TNS-00530: Protocol adapter error
    nt secondary err code: 203
    nt OS err code: 0
Mon Aug 01 20:08:16 2022


***********************************************************************

Fatal NI connect error 12560, connecting to:
 (DESCRIPTION=(ADDRESS=(PROTOCOL=BEQ)(PROGRAM=oracle)(ARGV0=oracleOracle)(ARGS='(DESCRIPTION=(LOCAL=YES)(ADDRESS=(PROTOCOL=beq)))'))(CONNECT_DATA=(SID=Oracle)(CID=(PROGRAM=D:\app\MohanGowda\product\11.2.0\dbhome_1\BIN\sqlplus.exe)(HOST=DESKTOP-FKOGIVT)(USER=Mohan?Gowda))))

  VERSION INFORMATION:
	TNS for 64-bit Windows: Version 11.2.0.1.0 - Production
	Oracle Bequeath NT Protocol Adapter for 64-bit Windows: Version 11.2.0.1.0 - Production
  Time: 01-AUG-2022 20:08:16
  Tracing not turned on.
  Tns error struct:
    ns main err code: 12560
    
TNS-12560: TNS:protocol adapter error
    ns secondary err code: 0
    nt main err code: 530
    
TNS-00530: Protocol adapter error
    nt secondary err code: 203
    nt OS err code: 0
Mon Aug 01 20:08:48 2022
Directory does not exist for read/write [D:\app\MohanGowda\product\11.2.0\dbhome_1\log] [D:\app\MohanGowda\product\11.2.0\dbhome_1\log\diag\clients]
Mon Aug 01 20:11:32 2022


***********************************************************************

Fatal NI connect error 12560, connecting to:
 (DESCRIPTION=(ADDRESS=(PROTOCOL=BEQ)(PROGRAM=oracle)(ARGV0=oracleOracle)(ARGS='(DESCRIPTION=(LOCAL=YES)(ADDRESS=(PROTOCOL=beq)))'))(CONNECT_DATA=(SID=Oracle)(CID=(PROGRAM=D:\app\MohanGowda\product\11.2.0\dbhome_1\BIN\sqlplus.exe)(HOST=DESKTOP-FKOGIVT)(USER=Mohan?Gowda))))

  VERSION INFORMATION:
	TNS for 64-bit Windows: Version 11.2.0.1.0 - Production
	Oracle Bequeath NT Protocol Adapter for 64-bit Windows: Version 11.2.0.1.0 - Production
  Time: 01-AUG-2022 20:11:32
  Tracing not turned on.
  Tns error struct:
    ns main err code: 12560
    
TNS-12560: TNS:protocol adapter error
    ns secondary err code: 0
    nt main err code: 530
    
TNS-00530: Protocol adapter error
    nt secondary err code: 203
    nt OS err code: 0


***********************************************************************

Fatal NI connect error 12560, connecting to:
 (DESCRIPTION=(ADDRESS=(PROTOCOL=BEQ)(PROGRAM=oracle)(ARGV0=oracleOracle)(ARGS='(DESCRIPTION=(LOCAL=YES)(ADDRESS=(PROTOCOL=beq)))'))(CONNECT_DATA=(SID=Oracle)(CID=(PROGRAM=D:\app\MohanGowda\product\11.2.0\dbhome_1\BIN\sqlplus.exe)(HOST=DESKTOP-FKOGIVT)(USER=Mohan?Gowda))))

  VERSION INFORMATION:
	TNS for 64-bit Windows: Version 11.2.0.1.0 - Production
	Oracle Bequeath NT Protocol Adapter for 64-bit Windows: Version 11.2.0.1.0 - Production
  Time: 01-AUG-2022 20:11:40
  Tracing not turned on.
  Tns error struct:
    ns main err code: 12560
    
TNS-12560: TNS:protocol adapter error
    ns secondary err code: 0
    nt main err code: 530
    
TNS-00530: Protocol adapter error
    nt secondary err code: 203
    nt OS err code: 0
Mon Aug 01 20:12:33 2022


***********************************************************************

Fatal NI connect error 12560, connecting to:
 (DESCRIPTION=(ADDRESS=(PROTOCOL=BEQ)(PROGRAM=oracle)(ARGV0=oracleOracle)(ARGS='(DESCRIPTION=(LOCAL=YES)(ADDRESS=(PROTOCOL=beq)))'))(CONNECT_DATA=(SID=Oracle)(CID=(PROGRAM=D:\app\MohanGowda\product\11.2.0\dbhome_1\BIN\sqlplus.exe)(HOST=DESKTOP-FKOGIVT)(USER=Mohan?Gowda))))

  VERSION INFORMATION:
	TNS for 64-bit Windows: Version 11.2.0.1.0 - Production
	Oracle Bequeath NT Protocol Adapter for 64-bit Windows: Version 11.2.0.1.0 - Production
  Time: 01-AUG-2022 20:12:33
  Tracing not turned on.
  Tns error struct:
    ns main err code: 12560
    
TNS-12560: TNS:protocol adapter error
    ns secondary err code: 0
    nt main err code: 530
    
TNS-00530: Protocol adapter error
    nt secondary err code: 203
    nt OS err code: 0
Mon Aug 01 20:12:42 2022
Directory does not exist for read/write [D:\app\MohanGowda\product\11.2.0\dbhome_1\log] [D:\app\MohanGowda\product\11.2.0\dbhome_1\log\diag\clients]
Mon Aug 01 20:13:03 2022


***********************************************************************

Fatal NI connect error 12560, connecting to:
 (DESCRIPTION=(ADDRESS=(PROTOCOL=BEQ)(PROGRAM=oracle)(ARGV0=oracleOracle)(ARGS='(DESCRIPTION=(LOCAL=YES)(ADDRESS=(PROTOCOL=beq)))'))(CONNECT_DATA=(SID=Oracle)(CID=(PROGRAM=D:\app\MohanGowda\product\11.2.0\dbhome_1\BIN\sqlplus.exe)(HOST=DESKTOP-FKOGIVT)(USER=Mohan?Gowda))))

  VERSION INFORMATION:
	TNS for 64-bit Windows: Version 11.2.0.1.0 - Production
	Oracle Bequeath NT Protocol Adapter for 64-bit Windows: Version 11.2.0.1.0 - Production
  Time: 01-AUG-2022 20:13:03
  Tracing not turned on.
  Tns error struct:
    ns main err code: 12560
    
TNS-12560: TNS:protocol adapter error
    ns secondary err code: 0
    nt main err code: 530
    
TNS-00530: Protocol adapter error
    nt secondary err code: 203
    nt OS err code: 0
Mon Aug 01 20:13:15 2022


***********************************************************************

Fatal NI connect error 12560, connecting to:
 (DESCRIPTION=(ADDRESS=(PROTOCOL=BEQ)(PROGRAM=oracle)(ARGV0=oracleOracle)(ARGS='(DESCRIPTION=(LOCAL=YES)(ADDRESS=(PROTOCOL=beq)))'))(CONNECT_DATA=(SID=Oracle)(CID=(PROGRAM=D:\app\MohanGowda\product\11.2.0\dbhome_1\BIN\sqlplus.exe)(HOST=DESKTOP-FKOGIVT)(USER=Mohan?Gowda))))

  VERSION INFORMATION:
	TNS for 64-bit Windows: Version 11.2.0.1.0 - Production
	Oracle Bequeath NT Protocol Adapter for 64-bit Windows: Version 11.2.0.1.0 - Production
  Time: 01-AUG-2022 20:13:15
  Tracing not turned on.
  Tns error struct:
    ns main err code: 12560
    
TNS-12560: TNS:protocol adapter error
    ns secondary err code: 0
    nt main err code: 530
    
TNS-00530: Protocol adapter error
    nt secondary err code: 203
    nt OS err code: 0


***********************************************************************

Fatal NI connect error 12560, connecting to:
 (DESCRIPTION=(ADDRESS=(PROTOCOL=BEQ)(PROGRAM=oracle)(ARGV0=oracleOracle)(ARGS='(DESCRIPTION=(LOCAL=YES)(ADDRESS=(PROTOCOL=beq)))'))(CONNECT_DATA=(SID=Oracle)(CID=(PROGRAM=D:\app\MohanGowda\product\11.2.0\dbhome_1\BIN\sqlplus.exe)(HOST=DESKTOP-FKOGIVT)(USER=Mohan?Gowda))))

  VERSION INFORMATION:
	TNS for 64-bit Windows: Version 11.2.0.1.0 - Production
	Oracle Bequeath NT Protocol Adapter for 64-bit Windows: Version 11.2.0.1.0 - Production
  Time: 01-AUG-2022 20:13:24
  Tracing not turned on.
  Tns error struct:
    ns main err code: 12560
    
TNS-12560: TNS:protocol adapter error
    ns secondary err code: 0
    nt main err code: 530
    
TNS-00530: Protocol adapter error
    nt secondary err code: 203
    nt OS err code: 0
Mon Aug 01 20:13:29 2022
Directory does not exist for read/write [D:\app\MohanGowda\product\11.2.0\dbhome_1\log] [D:\app\MohanGowda\product\11.2.0\dbhome_1\log\diag\clients]
Mon Aug 01 20:14:10 2022


***********************************************************************

Fatal NI connect error 12560, connecting to:
 (DESCRIPTION=(ADDRESS=(PROTOCOL=BEQ)(PROGRAM=oracle)(ARGV0=oracleOracle)(ARGS='(DESCRIPTION=(LOCAL=YES)(ADDRESS=(PROTOCOL=beq)))'))(CONNECT_DATA=(SID=Oracle)(CID=(PROGRAM=D:\app\MohanGowda\product\11.2.0\dbhome_1\BIN\sqlplus.exe)(HOST=DESKTOP-FKOGIVT)(USER=Mohan?Gowda))))

  VERSION INFORMATION:
	TNS for 64-bit Windows: Version 11.2.0.1.0 - Production
	Oracle Bequeath NT Protocol Adapter for 64-bit Windows: Version 11.2.0.1.0 - Production
  Time: 01-AUG-2022 20:14:10
  Tracing not turned on.
  Tns error struct:
    ns main err code: 12560
    
TNS-12560: TNS:protocol adapter error
    ns secondary err code: 0
    nt main err code: 530
    
TNS-00530: Protocol adapter error
    nt secondary err code: 203
    nt OS err code: 0
Mon Aug 01 20:14:33 2022


***********************************************************************

Fatal NI connect error 12560, connecting to:
 (DESCRIPTION=(ADDRESS=(PROTOCOL=BEQ)(PROGRAM=oracle)(ARGV0=oracleOracle)(ARGS='(DESCRIPTION=(LOCAL=YES)(ADDRESS=(PROTOCOL=beq)))'))(CONNECT_DATA=(SID=Oracle)(CID=(PROGRAM=D:\app\MohanGowda\product\11.2.0\dbhome_1\BIN\sqlplus.exe)(HOST=DESKTOP-FKOGIVT)(USER=Mohan?Gowda))))

  VERSION INFORMATION:
	TNS for 64-bit Windows: Version 11.2.0.1.0 - Production
	Oracle Bequeath NT Protocol Adapter for 64-bit Windows: Version 11.2.0.1.0 - Production
  Time: 01-AUG-2022 20:14:33
  Tracing not turned on.
  Tns error struct:
    ns main err code: 12560
    
TNS-12560: TNS:protocol adapter error
    ns secondary err code: 0
    nt main err code: 530
    
TNS-00530: Protocol adapter error
    nt secondary err code: 203
    nt OS err code: 0
Mon Aug 01 20:19:29 2022
Directory does not exist for read/write [D:\app\MohanGowda\product\11.2.0\dbhome_1\log] [D:\app\MohanGowda\product\11.2.0\dbhome_1\log\diag\clients]
Mon Aug 01 20:23:17 2022


***********************************************************************

Fatal NI connect error 12560, connecting to:
 (DESCRIPTION=(ADDRESS=(PROTOCOL=BEQ)(PROGRAM=oracle)(ARGV0=oracleOracle)(ARGS='(DESCRIPTION=(LOCAL=YES)(ADDRESS=(PROTOCOL=beq)))'))(CONNECT_DATA=(SID=Oracle)(CID=(PROGRAM=D:\app\MohanGowda\product\11.2.0\dbhome_1\BIN\sqlplus.exe)(HOST=DESKTOP-FKOGIVT)(USER=Mohan?Gowda))))

  VERSION INFORMATION:
	TNS for 64-bit Windows: Version 11.2.0.1.0 - Production
	Oracle Bequeath NT Protocol Adapter for 64-bit Windows: Version 11.2.0.1.0 - Production
  Time: 01-AUG-2022 20:23:17
  Tracing not turned on.
  Tns error struct:
    ns main err code: 12560
    
TNS-12560: TNS:protocol adapter error
    ns secondary err code: 0
    nt main err code: 530
    
TNS-00530: Protocol adapter error
    nt secondary err code: 203
    nt OS err code: 0
Mon Aug 01 20:23:32 2022


***********************************************************************

Fatal NI connect error 12560, connecting to:
 (DESCRIPTION=(ADDRESS=(PROTOCOL=BEQ)(PROGRAM=oracle)(ARGV0=oracleOracle)(ARGS='(DESCRIPTION=(LOCAL=YES)(ADDRESS=(PROTOCOL=beq)))'))(CONNECT_DATA=(SID=Oracle)(CID=(PROGRAM=D:\app\MohanGowda\product\11.2.0\dbhome_1\BIN\sqlplus.exe)(HOST=DESKTOP-FKOGIVT)(USER=Mohan?Gowda))))

  VERSION INFORMATION:
	TNS for 64-bit Windows: Version 11.2.0.1.0 - Production
	Oracle Bequeath NT Protocol Adapter for 64-bit Windows: Version 11.2.0.1.0 - Production
  Time: 01-AUG-2022 20:23:32
  Tracing not turned on.
  Tns error struct:
    ns main err code: 12560
    
TNS-12560: TNS:protocol adapter error
    ns secondary err code: 0
    nt main err code: 530
    
TNS-00530: Protocol adapter error
    nt secondary err code: 203
    nt OS err code: 0
Mon Aug 01 20:23:52 2022
Directory does not exist for read/write [D:\app\MohanGowda\product\11.2.0\dbhome_1\log] [D:\app\MohanGowda\product\11.2.0\dbhome_1\log\diag\clients]
Mon Aug 01 20:24:15 2022


***********************************************************************

Fatal NI connect error 12560, connecting to:
 (DESCRIPTION=(ADDRESS=(PROTOCOL=BEQ)(PROGRAM=oracle)(ARGV0=oracleOracle)(ARGS='(DESCRIPTION=(LOCAL=YES)(ADDRESS=(PROTOCOL=beq)))'))(CONNECT_DATA=(SID=Oracle)(CID=(PROGRAM=D:\app\MohanGowda\product\11.2.0\dbhome_1\BIN\sqlplus.exe)(HOST=DESKTOP-FKOGIVT)(USER=Mohan?Gowda))))

  VERSION INFORMATION:
	TNS for 64-bit Windows: Version 11.2.0.1.0 - Production
	Oracle Bequeath NT Protocol Adapter for 64-bit Windows: Version 11.2.0.1.0 - Production
  Time: 01-AUG-2022 20:24:15
  Tracing not turned on.
  Tns error struct:
    ns main err code: 12560
    
TNS-12560: TNS:protocol adapter error
    ns secondary err code: 0
    nt main err code: 530
    
TNS-00530: Protocol adapter error
    nt secondary err code: 203
    nt OS err code: 0
Mon Aug 01 20:26:13 2022


***********************************************************************

Fatal NI connect error 12560, connecting to:
 (DESCRIPTION=(ADDRESS=(PROTOCOL=BEQ)(PROGRAM=oracle)(ARGV0=oracleOracle)(ARGS='(DESCRIPTION=(LOCAL=YES)(ADDRESS=(PROTOCOL=beq)))'))(CONNECT_DATA=(SID=Oracle)(CID=(PROGRAM=D:\app\MohanGowda\product\11.2.0\dbhome_1\BIN\sqlplus.exe)(HOST=DESKTOP-FKOGIVT)(USER=Mohan?Gowda))))

  VERSION INFORMATION:
	TNS for 64-bit Windows: Version 11.2.0.1.0 - Production
	Oracle Bequeath NT Protocol Adapter for 64-bit Windows: Version 11.2.0.1.0 - Production
  Time: 01-AUG-2022 20:26:13
  Tracing not turned on.
  Tns error struct:
    ns main err code: 12560
    
TNS-12560: TNS:protocol adapter error
    ns secondary err code: 0
    nt main err code: 530
    
TNS-00530: Protocol adapter error
    nt secondary err code: 203
    nt OS err code: 0
Mon Aug 01 20:26:40 2022
Directory does not exist for read/write [D:\app\MohanGowda\product\11.2.0\dbhome_1\log] [D:\app\MohanGowda\product\11.2.0\dbhome_1\log\diag\clients]
Mon Aug 01 20:26:58 2022


***********************************************************************

Fatal NI connect error 12560, connecting to:
 (DESCRIPTION=(ADDRESS=(PROTOCOL=BEQ)(PROGRAM=oracle)(ARGV0=oracleOracle)(ARGS='(DESCRIPTION=(LOCAL=YES)(ADDRESS=(PROTOCOL=beq)))'))(CONNECT_DATA=(SID=Oracle)(CID=(PROGRAM=D:\app\MohanGowda\product\11.2.0\dbhome_1\BIN\sqlplus.exe)(HOST=DESKTOP-FKOGIVT)(USER=Mohan?Gowda))))

  VERSION INFORMATION:
	TNS for 64-bit Windows: Version 11.2.0.1.0 - Production
	Oracle Bequeath NT Protocol Adapter for 64-bit Windows: Version 11.2.0.1.0 - Production
  Time: 01-AUG-2022 20:26:58
  Tracing not turned on.
  Tns error struct:
    ns main err code: 12560
    
TNS-12560: TNS:protocol adapter error
    ns secondary err code: 0
    nt main err code: 530
    
TNS-00530: Protocol adapter error
    nt secondary err code: 203
    nt OS err code: 0
Mon Aug 08 17:22:23 2022
Directory does not exist for read/write [D:\app\MohanGowda\product\11.2.0\dbhome_1\log] [D:\app\MohanGowda\product\11.2.0\dbhome_1\log\diag\clients]
Mon Aug 08 17:22:44 2022


***********************************************************************

Fatal NI connect error 12560, connecting to:
 (DESCRIPTION=(ADDRESS=(PROTOCOL=BEQ)(PROGRAM=oracle)(ARGV0=oracleOracle)(ARGS='(DESCRIPTION=(LOCAL=YES)(ADDRESS=(PROTOCOL=beq)))'))(CONNECT_DATA=(SID=Oracle)(CID=(PROGRAM=D:\app\MohanGowda\product\11.2.0\dbhome_1\BIN\sqlplus.exe)(HOST=DESKTOP-FKOGIVT)(USER=Mohan?Gowda))))

  VERSION INFORMATION:
	TNS for 64-bit Windows: Version 11.2.0.1.0 - Production
	Oracle Bequeath NT Protocol Adapter for 64-bit Windows: Version 11.2.0.1.0 - Production
  Time: 08-AUG-2022 17:22:44
  Tracing not turned on.
  Tns error struct:
    ns main err code: 12560
    
TNS-12560: TNS:protocol adapter error
    ns secondary err code: 0
    nt main err code: 530
    
TNS-00530: Protocol adapter error
    nt secondary err code: 203
    nt OS err code: 0
Mon Aug 08 17:30:12 2022
Directory does not exist for read/write [D:\app\MohanGowda\product\11.2.0\dbhome_1\log] [D:\app\MohanGowda\product\11.2.0\dbhome_1\log\diag\clients]
Mon Aug 08 17:33:20 2022
Directory does not exist for read/write [D:\app\MohanGowda\product\11.2.0\dbhome_1\log] [D:\app\MohanGowda\product\11.2.0\dbhome_1\log\diag\clients]
Mon Aug 08 17:43:32 2022
Directory does not exist for read/write [D:\app\MohanGowda\product\11.2.0\dbhome_1\log] [D:\app\MohanGowda\product\11.2.0\dbhome_1\log\diag\clients]
Mon Aug 08 17:48:33 2022
Directory does not exist for read/write [D:\app\MohanGowda\product\11.2.0\dbhome_1\log] [D:\app\MohanGowda\product\11.2.0\dbhome_1\log\diag\clients]
Mon Aug 08 17:54:52 2022
Directory does not exist for read/write [D:\app\MohanGowda\product\11.2.0\dbhome_1\log] [D:\app\MohanGowda\product\11.2.0\dbhome_1\log\diag\clients]
Mon Aug 08 17:58:30 2022
Directory does not exist for read/write [D:\app\MohanGowda\product\11.2.0\dbhome_1\log] [D:\app\MohanGowda\product\11.2.0\dbhome_1\log\diag\clients]
Mon Aug 08 18:07:20 2022
Directory does not exist for read/write [D:\app\MohanGowda\product\11.2.0\dbhome_1\log] [D:\app\MohanGowda\product\11.2.0\dbhome_1\log\diag\clients]
Mon Aug 08 18:14:55 2022
Directory does not exist for read/write [D:\app\MohanGowda\product\11.2.0\dbhome_1\log] [D:\app\MohanGowda\product\11.2.0\dbhome_1\log\diag\clients]
Mon Aug 08 18:22:46 2022
Directory does not exist for read/write [D:\app\MohanGowda\product\11.2.0\dbhome_1\log] [D:\app\MohanGowda\product\11.2.0\dbhome_1\log\diag\clients]
Sun Aug 14 08:35:47 2022
Directory does not exist for read/write [D:\app\MohanGowda\product\11.2.0\dbhome_1\log] [D:\app\MohanGowda\product\11.2.0\dbhome_1\log\diag\clients]
Sun Aug 14 08:36:00 2022


***********************************************************************

Fatal NI connect error 12560, connecting to:
 (DESCRIPTION=(ADDRESS=(PROTOCOL=BEQ)(PROGRAM=oracle)(ARGV0=oracleOracle)(ARGS='(DESCRIPTION=(LOCAL=YES)(ADDRESS=(PROTOCOL=beq)))'))(CONNECT_DATA=(SID=Oracle)(CID=(PROGRAM=D:\app\MohanGowda\product\11.2.0\dbhome_1\BIN\sqlplus.exe)(HOST=DESKTOP-FKOGIVT)(USER=Mohan?Gowda))))

  VERSION INFORMATION:
	TNS for 64-bit Windows: Version 11.2.0.1.0 - Production
	Oracle Bequeath NT Protocol Adapter for 64-bit Windows: Version 11.2.0.1.0 - Production
  Time: 14-AUG-2022 08:36:00
  Tracing not turned on.
  Tns error struct:
    ns main err code: 12560
    
TNS-12560: TNS:protocol adapter error
    ns secondary err code: 0
    nt main err code: 530
    
TNS-00530: Protocol adapter error
    nt secondary err code: 203
    nt OS err code: 0
Sun Aug 14 08:36:12 2022


***********************************************************************

Fatal NI connect error 12560, connecting to:
 (DESCRIPTION=(ADDRESS=(PROTOCOL=BEQ)(PROGRAM=oracle)(ARGV0=oracleOracle)(ARGS='(DESCRIPTION=(LOCAL=YES)(ADDRESS=(PROTOCOL=beq)))'))(CONNECT_DATA=(SID=Oracle)(CID=(PROGRAM=D:\app\MohanGowda\product\11.2.0\dbhome_1\BIN\sqlplus.exe)(HOST=DESKTOP-FKOGIVT)(USER=Mohan?Gowda))))

  VERSION INFORMATION:
	TNS for 64-bit Windows: Version 11.2.0.1.0 - Production
	Oracle Bequeath NT Protocol Adapter for 64-bit Windows: Version 11.2.0.1.0 - Production
  Time: 14-AUG-2022 08:36:12
  Tracing not turned on.
  Tns error struct:
    ns main err code: 12560
    
TNS-12560: TNS:protocol adapter error
    ns secondary err code: 0
    nt main err code: 530
    
TNS-00530: Protocol adapter error
    nt secondary err code: 203
    nt OS err code: 0
Sun Aug 14 08:36:29 2022


***********************************************************************

Fatal NI connect error 12560, connecting to:
 (DESCRIPTION=(ADDRESS=(PROTOCOL=BEQ)(PROGRAM=oracle)(ARGV0=oracleOracle)(ARGS='(DESCRIPTION=(LOCAL=YES)(ADDRESS=(PROTOCOL=beq)))'))(CONNECT_DATA=(SID=Oracle)(CID=(PROGRAM=D:\app\MohanGowda\product\11.2.0\dbhome_1\BIN\sqlplus.exe)(HOST=DESKTOP-FKOGIVT)(USER=Mohan?Gowda))))

  VERSION INFORMATION:
	TNS for 64-bit Windows: Version 11.2.0.1.0 - Production
	Oracle Bequeath NT Protocol Adapter for 64-bit Windows: Version 11.2.0.1.0 - Production
  Time: 14-AUG-2022 08:36:29
  Tracing not turned on.
  Tns error struct:
    ns main err code: 12560
    
TNS-12560: TNS:protocol adapter error
    ns secondary err code: 0
    nt main err code: 530
    
TNS-00530: Protocol adapter error
    nt secondary err code: 203
    nt OS err code: 0
Sun Aug 14 08:36:53 2022
Directory does not exist for read/write [D:\app\MohanGowda\product\11.2.0\dbhome_1\log] [D:\app\MohanGowda\product\11.2.0\dbhome_1\log\diag\clients]
Sun Aug 14 08:37:08 2022


***********************************************************************

Fatal NI connect error 12560, connecting to:
 (DESCRIPTION=(ADDRESS=(PROTOCOL=BEQ)(PROGRAM=oracle)(ARGV0=oracleOracle)(ARGS='(DESCRIPTION=(LOCAL=YES)(ADDRESS=(PROTOCOL=beq)))'))(CONNECT_DATA=(SID=Oracle)(CID=(PROGRAM=D:\app\MohanGowda\product\11.2.0\dbhome_1\BIN\sqlplus.exe)(HOST=DESKTOP-FKOGIVT)(USER=Mohan?Gowda))))

  VERSION INFORMATION:
	TNS for 64-bit Windows: Version 11.2.0.1.0 - Production
	Oracle Bequeath NT Protocol Adapter for 64-bit Windows: Version 11.2.0.1.0 - Production
  Time: 14-AUG-2022 08:37:08
  Tracing not turned on.
  Tns error struct:
    ns main err code: 12560
    
TNS-12560: TNS:protocol adapter error
    ns secondary err code: 0
    nt main err code: 530
    
TNS-00530: Protocol adapter error
    nt secondary err code: 203
    nt OS err code: 0
Sun Aug 14 08:37:24 2022


***********************************************************************

Fatal NI connect error 12560, connecting to:
 (DESCRIPTION=(ADDRESS=(PROTOCOL=BEQ)(PROGRAM=oracle)(ARGV0=oracleOracle)(ARGS='(DESCRIPTION=(LOCAL=YES)(ADDRESS=(PROTOCOL=beq)))'))(CONNECT_DATA=(SID=Oracle)(CID=(PROGRAM=D:\app\MohanGowda\product\11.2.0\dbhome_1\BIN\sqlplus.exe)(HOST=DESKTOP-FKOGIVT)(USER=Mohan?Gowda))))

  VERSION INFORMATION:
	TNS for 64-bit Windows: Version 11.2.0.1.0 - Production
	Oracle Bequeath NT Protocol Adapter for 64-bit Windows: Version 11.2.0.1.0 - Production
  Time: 14-AUG-2022 08:37:24
  Tracing not turned on.
  Tns error struct:
    ns main err code: 12560
    
TNS-12560: TNS:protocol adapter error
    ns secondary err code: 0
    nt main err code: 530
    
TNS-00530: Protocol adapter error
    nt secondary err code: 203
    nt OS err code: 0
Sun Aug 14 08:40:36 2022


***********************************************************************

Fatal NI connect error 12560, connecting to:
 (DESCRIPTION=(ADDRESS=(PROTOCOL=BEQ)(PROGRAM=oracle)(ARGV0=oracleOracle)(ARGS='(DESCRIPTION=(LOCAL=YES)(ADDRESS=(PROTOCOL=beq)))'))(CONNECT_DATA=(SID=Oracle)(CID=(PROGRAM=D:\app\MohanGowda\product\11.2.0\dbhome_1\BIN\sqlplus.exe)(HOST=DESKTOP-FKOGIVT)(USER=Mohan?Gowda))))

  VERSION INFORMATION:
	TNS for 64-bit Windows: Version 11.2.0.1.0 - Production
	Oracle Bequeath NT Protocol Adapter for 64-bit Windows: Version 11.2.0.1.0 - Production
  Time: 14-AUG-2022 08:40:36
  Tracing not turned on.
  Tns error struct:
    ns main err code: 12560
    
TNS-12560: TNS:protocol adapter error
    ns secondary err code: 0
    nt main err code: 530
    
TNS-00530: Protocol adapter error
    nt secondary err code: 203
    nt OS err code: 0
Sun Aug 14 08:40:44 2022
Directory does not exist for read/write [D:\app\MohanGowda\product\11.2.0\dbhome_1\log] [D:\app\MohanGowda\product\11.2.0\dbhome_1\log\diag\clients]
Sun Aug 14 08:40:54 2022


***********************************************************************

Fatal NI connect error 12560, connecting to:
 (DESCRIPTION=(ADDRESS=(PROTOCOL=BEQ)(PROGRAM=oracle)(ARGV0=oracleOracle)(ARGS='(DESCRIPTION=(LOCAL=YES)(ADDRESS=(PROTOCOL=beq)))'))(CONNECT_DATA=(SID=Oracle)(CID=(PROGRAM=D:\app\MohanGowda\product\11.2.0\dbhome_1\BIN\sqlplus.exe)(HOST=DESKTOP-FKOGIVT)(USER=Mohan?Gowda))))

  VERSION INFORMATION:
	TNS for 64-bit Windows: Version 11.2.0.1.0 - Production
	Oracle Bequeath NT Protocol Adapter for 64-bit Windows: Version 11.2.0.1.0 - Production
  Time: 14-AUG-2022 08:40:54
  Tracing not turned on.
  Tns error struct:
    ns main err code: 12560
    
TNS-12560: TNS:protocol adapter error
    ns secondary err code: 0
    nt main err code: 530
    
TNS-00530: Protocol adapter error
    nt secondary err code: 203
    nt OS err code: 0
Sun Aug 14 08:41:05 2022


***********************************************************************

Fatal NI connect error 12560, connecting to:
 (DESCRIPTION=(ADDRESS=(PROTOCOL=BEQ)(PROGRAM=oracle)(ARGV0=oracleOracle)(ARGS='(DESCRIPTION=(LOCAL=YES)(ADDRESS=(PROTOCOL=beq)))'))(CONNECT_DATA=(SID=Oracle)(CID=(PROGRAM=D:\app\MohanGowda\product\11.2.0\dbhome_1\BIN\sqlplus.exe)(HOST=DESKTOP-FKOGIVT)(USER=Mohan?Gowda))))

  VERSION INFORMATION:
	TNS for 64-bit Windows: Version 11.2.0.1.0 - Production
	Oracle Bequeath NT Protocol Adapter for 64-bit Windows: Version 11.2.0.1.0 - Production
  Time: 14-AUG-2022 08:41:05
  Tracing not turned on.
  Tns error struct:
    ns main err code: 12560
    
TNS-12560: TNS:protocol adapter error
    ns secondary err code: 0
    nt main err code: 530
    
TNS-00530: Protocol adapter error
    nt secondary err code: 203
    nt OS err code: 0
Sun Aug 14 08:43:05 2022
Directory does not exist for read/write [D:\app\MohanGowda\product\11.2.0\dbhome_1\log] [D:\app\MohanGowda\product\11.2.0\dbhome_1\log\diag\clients]
Sun Aug 14 09:19:42 2022
Directory does not exist for read/write [D:\app\MohanGowda\product\11.2.0\dbhome_1\log] [D:\app\MohanGowda\product\11.2.0\dbhome_1\log\diag\clients]
Sun Aug 14 17:37:19 2022
Directory does not exist for read/write [D:\app\MohanGowda\product\11.2.0\dbhome_1\log] [D:\app\MohanGowda\product\11.2.0\dbhome_1\log\diag\clients]
Sun Aug 14 17:37:31 2022


***********************************************************************

Fatal NI connect error 12560, connecting to:
 (DESCRIPTION=(ADDRESS=(PROTOCOL=BEQ)(PROGRAM=oracle)(ARGV0=oracleOracle)(ARGS='(DESCRIPTION=(LOCAL=YES)(ADDRESS=(PROTOCOL=beq)))'))(CONNECT_DATA=(SID=Oracle)(CID=(PROGRAM=D:\app\MohanGowda\product\11.2.0\dbhome_1\BIN\sqlplus.exe)(HOST=DESKTOP-FKOGIVT)(USER=Mohan?Gowda))))

  VERSION INFORMATION:
	TNS for 64-bit Windows: Version 11.2.0.1.0 - Production
	Oracle Bequeath NT Protocol Adapter for 64-bit Windows: Version 11.2.0.1.0 - Production
  Time: 14-AUG-2022 17:37:31
  Tracing not turned on.
  Tns error struct:
    ns main err code: 12560
    
TNS-12560: TNS:protocol adapter error
    ns secondary err code: 0
    nt main err code: 530
    
TNS-00530: Protocol adapter error
    nt secondary err code: 203
    nt OS err code: 0
Sun Aug 14 17:37:42 2022


***********************************************************************

Fatal NI connect error 12560, connecting to:
 (DESCRIPTION=(ADDRESS=(PROTOCOL=BEQ)(PROGRAM=oracle)(ARGV0=oracleOracle)(ARGS='(DESCRIPTION=(LOCAL=YES)(ADDRESS=(PROTOCOL=beq)))'))(CONNECT_DATA=(SID=Oracle)(CID=(PROGRAM=D:\app\MohanGowda\product\11.2.0\dbhome_1\BIN\sqlplus.exe)(HOST=DESKTOP-FKOGIVT)(USER=Mohan?Gowda))))

  VERSION INFORMATION:
	TNS for 64-bit Windows: Version 11.2.0.1.0 - Production
	Oracle Bequeath NT Protocol Adapter for 64-bit Windows: Version 11.2.0.1.0 - Production
  Time: 14-AUG-2022 17:37:42
  Tracing not turned on.
  Tns error struct:
    ns main err code: 12560
    
TNS-12560: TNS:protocol adapter error
    ns secondary err code: 0
    nt main err code: 530
    
TNS-00530: Protocol adapter error
    nt secondary err code: 203
    nt OS err code: 0
Sun Aug 14 17:53:47 2022
Directory does not exist for read/write [D:\app\MohanGowda\product\11.2.0\dbhome_1\log] [D:\app\MohanGowda\product\11.2.0\dbhome_1\log\diag\clients]
Sat Dec 24 12:35:39 2022
Directory does not exist for read/write [D:\app\MohanGowda\product\11.2.0\dbhome_1\log] [D:\app\MohanGowda\product\11.2.0\dbhome_1\log\diag\clients]


***********************************************************************

Fatal NI connect error 12560, connecting to:
 (DESCRIPTION=(ADDRESS=(PROTOCOL=BEQ)(PROGRAM=oracle)(ARGV0=oracleOracle)(ARGS='(DESCRIPTION=(LOCAL=YES)(ADDRESS=(PROTOCOL=beq)))'))(CONNECT_DATA=(SID=Oracle)(CID=(PROGRAM=D:\app\MohanGowda\product\11.2.0\dbhome_1\BIN\sqlplus.exe)(HOST=DESKTOP-FKOGIVT)(USER=Mohan?Gowda))))

  VERSION INFORMATION:
	TNS for 64-bit Windows: Version 11.2.0.1.0 - Production
	Oracle Bequeath NT Protocol Adapter for 64-bit Windows: Version 11.2.0.1.0 - Production
  Time: 24-DEC-2022 12:35:48
  Tracing not turned on.
  Tns error struct:
    ns main err code: 12560
    
TNS-12560: TNS:protocol adapter error
    ns secondary err code: 0
    nt main err code: 530
    
TNS-00530: Protocol adapter error
    nt secondary err code: 203
    nt OS err code: 0
